<?xml version="1.0" encoding="UTF-8"?>
<!-- Generated by org.testng.reporters.JUnitReportReporter -->
<testsuite hostname="Faiaz" failures="0" tests="1" name="TestProject.testMVN" time="39.804" errors="0" timestamp="2024-05-11T22:45:48 IST" skipped="0">
  <testcase classname="TestProject.testMVN" name="testLink" time="39.804"/>
  <system-out/>
</testsuite> <!-- TestProject.testMVN -->
