<?xml version="1.0" encoding="UTF-8"?>
<!-- Generated by org.testng.reporters.JUnitReportReporter -->
<testsuite hostname="Faiaz" failures="0" tests="1" name="TestProject.testMVN" time="23.392" errors="0" timestamp="2024-05-11T08:40:05 IST" skipped="0">
  <testcase classname="TestProject.testMVN" name="testLink" time="23.392"/>
  <system-out/>
</testsuite> <!-- TestProject.testMVN -->
